<?xml version="1.0" encoding="UTF-8"?>
<testsuite name="httpCat.ApiTest" tests="4" skipped="0" failures="0" errors="0" timestamp="2024-07-07T20:13:54" hostname="WIN-816FLNJSS5S" time="1.525">
  <properties/>
  <testcase name="getStatus200()" classname="httpCat.ApiTest" time="1.045"/>
  <testcase name="getStatus400()" classname="httpCat.ApiTest" time="0.122"/>
  <testcase name="getStatus404()" classname="httpCat.ApiTest" time="0.187"/>
  <testcase name="getStatus500()" classname="httpCat.ApiTest" time="0.17"/>
  <system-out><![CDATA[]]></system-out>
  <system-err><![CDATA[SLF4J(W): No SLF4J providers were found.
SLF4J(W): Defaulting to no-operation (NOP) logger implementation
SLF4J(W): See https://www.slf4j.org/codes.html#noProviders for further details.
]]></system-err>
</testsuite>
