<?xml version="1.0" encoding="UTF-8"?>
<testsuite name="duckduckgo.KeyWordSearchTest" tests="2" skipped="0" failures="0" errors="0" timestamp="2024-07-07T17:35:56" hostname="WIN-816FLNJSS5S" time="8.159">
  <properties/>
  <testcase name="positiveTest()" classname="duckduckgo.KeyWordSearchTest" time="4.806"/>
  <testcase name="negativeTest()" classname="duckduckgo.KeyWordSearchTest" time="3.352"/>
  <system-out><![CDATA[]]></system-out>
  <system-err><![CDATA[SLF4J(W): No SLF4J providers were found.
SLF4J(W): Defaulting to no-operation (NOP) logger implementation
SLF4J(W): See https://www.slf4j.org/codes.html#noProviders for further details.
]]></system-err>
</testsuite>
